# predictions->(1000,)
5.905865130273468822e-09
7.356788245260759140e-08
9.659245625570633820e-10
3.656712044275423068e-09
8.754177827086095931e-09
2.192404302547856787e-08
2.588115277646352297e-09
6.206734326497098664e-08
5.237391675905200827e-08
7.241833799298547092e-08
4.598731706551006937e-08
1.676919794135756092e-07
1.340631570201367140e-07
2.569014512232570269e-08
1.031476131174713373e-07
2.849595936993409850e-08
4.560368438433215488e-08
3.869131504075085104e-08
4.748567405954418064e-08
8.906300053013183060e-08
2.589937597718972029e-09
1.068857358177410788e-08
1.044864372801157515e-08
3.211485477550013456e-08
3.578184504249293241e-08
7.606023366690806142e-09
1.491304679746008333e-08
9.734502270930533996e-08
1.940784954967966769e-08
9.652160315454239026e-07
1.132477489562688788e-08
1.104654359096457483e-07
4.471079861900761898e-08
1.116377568166626588e-08
5.158383942216460127e-09
3.913886548190248504e-09
4.668853392786331824e-08
9.411032841910582647e-09
2.565082724004241754e-08
2.041947944064759213e-08
2.209338312297859375e-08
1.314132802576750692e-08
1.151307760238751143e-08
1.495868318102111516e-08
3.365421719081496121e-08
1.470055366326050716e-07
6.575528743724134983e-08
1.991008780066749750e-08
1.909202218541850016e-08
1.125762416620545991e-08
1.467856680648083056e-08
2.491827189032846945e-08
8.775548820949552464e-08
4.291405986123209004e-08
3.223753708425647346e-08
5.735038044463180995e-08
9.155164093499479350e-08
2.589646053152705463e-09
1.262509830013414103e-08
6.827303877798840404e-08
4.691553812108395505e-08
5.529171787088671408e-08
4.139347975495866194e-09
2.225825390667068859e-08
2.740314464233506442e-08
1.773516800085417344e-08
4.004274245517080999e-08
2.507173313404109649e-08
1.058213694449250397e-08
5.817612347414069518e-08
4.104052209186193068e-08
5.498179689311655238e-08
2.271302257383922552e-08
1.574930585945821804e-08
1.425985196590318083e-08
4.271415221523966466e-08
3.030023947303561727e-07
1.331201247012359090e-07
1.630040742384153418e-07
1.470438064643531106e-07
1.235896540663361520e-08
6.814900643803412095e-09
5.001005476401587657e-08
4.354821925289797946e-08
1.375613667420338970e-08
2.362825028967563412e-07
6.915269779028676567e-08
2.078249252690511639e-07
1.618410117032453854e-08
5.490634436000618734e-08
2.028101846462959656e-07
4.510220197317948987e-09
1.156292483983634156e-08
3.064952736053783156e-08
8.919100480397901265e-08
3.349429622545585516e-09
3.734751174988559796e-08
4.022989497087792188e-09
5.229672694895270979e-09
3.017015259842992236e-08
1.175989883250849743e-08
1.582620541284995852e-07
2.738846127670058195e-08
3.043503227218025131e-08
9.839889969498472055e-08
1.542873491189311608e-07
7.945759961103249225e-08
6.762267190651982673e-09
1.819455633267352823e-06
1.112257024260543403e-07
3.482997357195927179e-08
1.639343025772177498e-07
2.020624663146008970e-07
5.864772845143306768e-08
1.715637694132965407e-07
1.119034536145591119e-07
1.272171612498596005e-08
3.846681195796008979e-08
5.562600904340797570e-07
6.028200516539072851e-08
6.708148703182814643e-08
2.155578471274566255e-07
3.945674791339115473e-07
8.841323761998864939e-08
5.150062634129426442e-07
7.560566928077605553e-08
9.211925799945674953e-08
4.047642221394198714e-09
1.153760642580436979e-09
4.593740943192869963e-09
1.126647486415777166e-08
5.124659363531236522e-09
1.057934753134759376e-07
1.402547322726377388e-08
1.609046940131975134e-08
2.175318059016717598e-08
5.794773993983426408e-09
1.352781708874317701e-08
3.416535321321134688e-08
2.418968136908006272e-09
1.395529380943116848e-08
1.383893000195257628e-08
5.972439431900511408e-09
1.826183870790032415e-09
1.441949848413059954e-08
6.619682721975550521e-07
4.148384036284369358e-08
3.081974675467336056e-09
1.218900536059663864e-08
7.546589131379732862e-09
3.505649326385196218e-09
3.290669212674401933e-07
2.586863168119180045e-08
2.524694764360901900e-07
3.269435921993135707e-07
5.262485203161304526e-08
3.001626680543267867e-08
3.841841689222746936e-08
5.686154125328357622e-08
7.385933997738902690e-08
1.293879421382371220e-07
3.730999154072378587e-08
5.900779243006581964e-08
5.997453911277261795e-08
4.307815260062852758e-08
2.078975747110689554e-08
2.039970325995454914e-08
2.554375910790440685e-08
2.395182150394248310e-07
1.546980499256278563e-08
3.739205922670407745e-08
2.451360217037290568e-07
3.044374352612067014e-08
9.739712680811862811e-08
3.395784986537364603e-08
7.453907358012656914e-08
7.264615131674645454e-09
1.430786511491533020e-07
1.157137958784915099e-07
4.386793150956691534e-08
5.935760682973523217e-08
4.797271913048462011e-08
8.914045679375703912e-07
1.921090643008938059e-06
1.235263880516868085e-06
7.017517305030196439e-07
5.051882112638850231e-07
2.242642125338534242e-07
1.781318417215516092e-07
7.771580499138508458e-07
1.833798393136021332e-07
1.007347236736677587e-06
3.094241378676088061e-07
1.312719319912503124e-07
1.638212054899668146e-08
5.679303782812894497e-08
1.611051629879511893e-07
1.546607961699919542e-07
5.811656578202928358e-08
1.145818657732888823e-07
7.742503527197186486e-08
1.623696590513645788e-07
8.414212970819789916e-07
1.863721337258539279e-07
2.058598056464688852e-07
3.768971623685501982e-08
2.170444091120771191e-08
2.713658275865782343e-08
6.760723891829911736e-08
1.601453050170675851e-07
1.580777819754075608e-08
2.115206854114148882e-07
7.328204532086601830e-08
3.628893807672284311e-08
2.610630289723303576e-08
3.466964315634868399e-08
3.249663649285139400e-08
7.182121208870739792e-08
1.645439517972135945e-08
4.010924214981059777e-08
1.305450894051318755e-07
2.506067744434403721e-07
5.364712762911949540e-08
1.204251418585045030e-07
3.869124398647727503e-08
7.230364929000643315e-08
3.039844500563049223e-07
6.041207711859897245e-08
2.240875218717519601e-08
2.731038648562389426e-07
1.579168014131937525e-07
1.349570055708682048e-07
4.948071463672931714e-08
3.575085543161549140e-07
4.015118904021619528e-08
1.558955986524779291e-08
3.905871892584400484e-08
1.473481461289338768e-07
7.798274737069732510e-08
5.713604878110345453e-08
2.909509611015437258e-08
3.717431695804407354e-08
6.097967997220621328e-08
7.094670451124329702e-08
2.771485085872882337e-08
9.711025228398284526e-08
3.426324113320333709e-08
1.886883893575941329e-08
2.409975508044226444e-08
5.280935866380787047e-08
6.764334870013044565e-08
5.300308885125559755e-07
4.269531643785740016e-07
2.752799730387778254e-07
2.243790930833711172e-07
1.579099340176526312e-08
3.157808592391120328e-08
6.303321953282647883e-08
1.762731187682220479e-07
4.324818121403950499e-07
7.716556638115434907e-08
4.322770763565131347e-08
7.954038494517590152e-08
8.134885831623250851e-08
7.519723510540643474e-08
4.460545710571750533e-07
1.739448833859569277e-07
4.430603439686819911e-08
4.614204129893550999e-08
1.083031708759563116e-08
4.298055245044452022e-09
1.299605667526293473e-08
1.766302659689245047e-08
2.065300641618250665e-08
3.850511021141755919e-09
4.471162551311635980e-09
1.122355630656102221e-08
3.500104206466403411e-09
1.022086060231686133e-08
1.121166093298597843e-08
3.442668372599655413e-08
7.452190970980154816e-07
2.539550791880174074e-07
1.502192361613197136e-07
5.715185480426043796e-08
6.548385158566816244e-07
3.586614338857430084e-09
8.207013024730258621e-08
1.443556918445665360e-08
1.260173743133918833e-08
1.364544122139932369e-08
1.898117041321256693e-08
5.619672194256963849e-08
4.327291591721404984e-08
1.242863056916121423e-08
5.162064997676907296e-09
1.264999838213043404e-08
2.969719403722592688e-08
3.568218858163163532e-07
2.985366904795228038e-07
4.243958784400092554e-08
9.137871792574969732e-09
1.554155204530616174e-08
1.290272706455652951e-07
4.012615661963536695e-08
1.269384330981893072e-08
3.609484338085167110e-07
1.982006203604669281e-08
1.297371898800747658e-08
1.742724009545781882e-08
2.164321522002410347e-08
3.235790657640791324e-08
4.613280069065694988e-08
1.795665305337479367e-08
1.043664781263942132e-07
3.586301389191248745e-08
1.277825756318407002e-08
9.970735348474590864e-09
4.846667067681664776e-09
4.596826030933698348e-09
4.817726662054155895e-09
2.827781564462839015e-08
1.323846099410275201e-08
1.998107634904044971e-08
7.863391715545731131e-09
1.091725820856481732e-08
9.285879620790638000e-09
4.765753303104247607e-08
2.699492540614301106e-08
2.627850648195817485e-08
5.597368257781454304e-08
1.564096585582319676e-08
4.125289265743958822e-08
5.416277417680248618e-07
2.825781209025990393e-08
9.250361188151146052e-08
1.583276443284376001e-08
5.580461959198146360e-08
2.382940351708384696e-07
1.727341492063771966e-09
3.134280390781896131e-08
2.240033403211327823e-08
1.225974699536891421e-08
3.929574177163885906e-08
7.408885949189425446e-09
3.104040402490682027e-08
6.872937330371087228e-09
2.475738902774082817e-08
5.125756885604459967e-08
1.400443494503633701e-08
2.969441936784278369e-08
2.145084110338757455e-08
1.552484185651792359e-08
3.998656694648161647e-08
1.125515503019869357e-08
4.365575634324159182e-08
3.354020350343489554e-07
3.284008798232207482e-08
1.391054809118941193e-07
2.579240288014261751e-07
9.429682812367445877e-09
3.744353591628168942e-07
4.081186091298150131e-07
6.774495631134413998e-08
1.988606435077144852e-08
7.119364209273726374e-09
1.161139184802095770e-08
2.000845888971980457e-08
4.579038304086680000e-08
9.695649616503487778e-09
2.070882310079014132e-08
3.913082124995526101e-08
1.309022650275437627e-07
2.156072831382971344e-08
5.984609430242926464e-08
5.591337171040322573e-09
1.337618105168303373e-08
1.355222849497295101e-07
1.218937839553291269e-08
9.089754726687715447e-09
5.037739825297649077e-08
2.610505944744545559e-08
6.336047420063550817e-08
4.399823438916428131e-08
4.283416643602322438e-08
8.952233088166394737e-08
4.577990253551433852e-08
1.791208248391740199e-08
3.262369929757369391e-08
1.968896823356658388e-09
4.510704698645895405e-08
2.124083842147683754e-08
6.071426383869038546e-08
5.107987135488656349e-07
1.762381351966268994e-09
5.214393805630379575e-09
7.514375255368577200e-08
2.295031364951682917e-08
7.974196591931104194e-08
1.076136157962537254e-07
3.459387798443458450e-08
4.682763687924307305e-07
7.928834122594707878e-08
1.421305961812890928e-09
7.324515394202535390e-08
2.704171642164965306e-08
6.037892603671934921e-07
1.862262450913476641e-07
3.286490013465481752e-08
1.435231524737901054e-06
6.733963608951398783e-09
2.770504806903772987e-06
1.239278572029434144e-05
1.690801454401480441e-08
2.144084874089458026e-07
5.163599780644290149e-06
9.817572532710983069e-08
9.262728895009786356e-08
2.547632448113290593e-06
1.583756056788843125e-05
6.104112060256738914e-08
4.784198495144664776e-07
2.915798091862598085e-08
4.437282257185870549e-07
1.536640866106608883e-06
1.247313363705870870e-08
1.448207314069804852e-07
7.348500275838887319e-06
1.757185543738160050e-07
2.261648290868834010e-07
1.050764453225383477e-07
2.586188543318712618e-07
5.129197120368189644e-07
2.544063093523618591e-08
1.299395194109820295e-06
4.654338226828258485e-06
1.081075140518805711e-08
5.105724909526543343e-08
4.645781882572919130e-05
3.323969792745629093e-07
1.565289858262985945e-05
3.434241807553917170e-04
2.981983868721727049e-07
4.801892714567657094e-07
2.044110836152412958e-08
1.535963711774002149e-08
1.792700118130596820e-06
2.710032504182890989e-06
2.663264524471742334e-07
4.111681661811417143e-09
7.442850336047968085e-09
4.946884928358485922e-07
2.696308740723907249e-07
1.404359636580920778e-06
6.490365649369778112e-07
2.712566129048354924e-06
9.974087333830539137e-08
4.993959237253875472e-07
4.721860946688138938e-08
1.805891400863401941e-07
5.932101920791410521e-09
1.334763197746724472e-07
1.061968006865754433e-07
1.056844266713596880e-04
3.696520707308081910e-06
6.293038268267991953e-08
1.105094753484081593e-07
5.709955530619481578e-08
1.863088670006618486e-07
3.518479388731066138e-06
2.390151785220950842e-04
5.013335169223864796e-08
8.664789774570635927e-09
5.743417659687111154e-06
3.360644598160433816e-07
1.795830684159227530e-07
6.534781249456500518e-08
2.698191678973671515e-07
2.679808631000923924e-06
1.080993285995646147e-07
3.173309437443094794e-07
1.250054140200518304e-07
1.513064802338703885e-07
8.735885614896687912e-08
3.404480253266228829e-09
1.658015378325217171e-07
8.605486101487258566e-08
3.514940999593818560e-06
3.589702757267332345e-08
4.887867817160440609e-07
2.700361676488682861e-07
5.580174544661531399e-08
6.831745480440076790e-08
3.383164255410520127e-07
2.284001681118752458e-07
2.817125277942977846e-06
1.327450718235922977e-06
8.283410579679184593e-08
9.404026286574662663e-07
1.076374928743462078e-06
8.035584642129833810e-09
9.434148751097382046e-08
1.287326085730455816e-06
9.828247857512906194e-05
7.871451973915100098e-01
6.695571541786193848e-02
1.263003696294617839e-06
3.413030071897082962e-07
2.050745706583256833e-06
9.665064908404019661e-07
3.214329069578525377e-08
7.042288530101359356e-09
1.327617724200536031e-06
1.773690314621489961e-07
6.569389938704262022e-07
1.202513431053375825e-06
1.087212581296626013e-06
3.011460947277555533e-08
1.184556239763878693e-07
1.372854399050993379e-07
1.976440842099691508e-07
1.705864269752055407e-04
3.856319352735226857e-08
5.398903226705442648e-07
4.545180942727711226e-08
8.260498063350496523e-09
2.928743242591735907e-06
6.430270786950131878e-07
5.018487172492314130e-06
9.202368573824060149e-07
3.573556796254706569e-06
1.015379666569060646e-06
3.744373316294513643e-06
9.861803391686407849e-07
9.833993317442946136e-07
3.865377351530696615e-08
4.053461921671441814e-08
7.245021471646850841e-09
4.171051415369220194e-08
3.038258853393926984e-07
1.132267968273481529e-08
7.931597565402626060e-07
2.409232138234074228e-07
8.153168806757093989e-08
1.040651795847225003e-06
2.123541946730256313e-07
1.467084871364932042e-07
1.386270565006952893e-08
1.263616269397971337e-07
2.487834365183516638e-07
1.743991859257221222e-03
2.794154852381325327e-06
9.709654591461003292e-08
2.143166994983403129e-07
7.966822579419385875e-08
8.232001391661469825e-08
2.360356745612079976e-07
1.436925511910658315e-08
1.104436364585126285e-07
1.009145762509433553e-07
4.744604780171357561e-07
2.282477424841999891e-07
1.694629787607482285e-07
1.771016542306824704e-07
3.694191264003165998e-08
1.647566563178770593e-07
7.635898668922891375e-08
2.677592476629797602e-07
9.928117350455067935e-08
1.307577832676543039e-07
1.914195024710352300e-07
3.502466597637976520e-06
5.897862138226628304e-05
2.550160260739176010e-08
5.615279263793127029e-08
9.181570703731267713e-08
9.015096225084562320e-09
5.842030503799833241e-08
1.303959038523316849e-07
1.795289676920219790e-07
1.973544883071554068e-08
6.761252535625317250e-08
4.676658420521562221e-07
1.462318088840675046e-08
9.487233114668924827e-07
2.728750405367463827e-05
4.035841527638694970e-08
1.615709095403872197e-07
8.419016921834554523e-06
1.799368192223482765e-06
1.237111746377195232e-07
2.303536064118816284e-07
2.444482731789321406e-07
3.945272055716486648e-07
1.314009381303549162e-07
1.849756614547004574e-08
1.749327083189200494e-07
7.473495600152091356e-08
1.377533891400162247e-07
8.821312036388917477e-08
4.697172698797658086e-06
4.567567657431936823e-08
3.732009545842629450e-08
7.142254343506238001e-09
1.799204483177163638e-07
5.439615506475092843e-06
1.044575355990673415e-06
5.200066652832902037e-07
5.794522195401441422e-08
9.319895077908313397e-09
9.248831247532507405e-07
3.996021291641227435e-07
1.661349458004224289e-08
4.920635205962753389e-07
3.691706353947665775e-07
9.567420278244753717e-08
4.613550856902293162e-07
4.593701987687381916e-07
1.104892544390168041e-05
6.597467290703207254e-05
3.485602519504027441e-06
8.818531682663888205e-09
1.335236220256774686e-06
4.118270453545846976e-07
3.003926167366444133e-06
2.015734956728465477e-08
1.380783942295238376e-05
5.363853361473047698e-08
2.002469443596055498e-07
2.653350748005323112e-06
6.420055598255203222e-09
8.679827442392706871e-05
9.009295354189816862e-07
3.196923330506251659e-07
2.323613124133316887e-08
1.268476097493476118e-07
3.026122215032955864e-07
2.334477926524414215e-07
1.094062227480208094e-07
1.218965639537827883e-08
5.437760908222344369e-09
1.513167120492653339e-07
2.428839884771605284e-08
1.770709019410787732e-07
1.009503421300905757e-06
1.126804338724696208e-08
3.997946009803854395e-07
2.411066554486751556e-03
9.307686923420988023e-06
4.560221000815545267e-08
7.602746450174890924e-07
8.678457561472896487e-06
1.298615330824759440e-07
2.088791370624676347e-04
2.127113276628733729e-07
3.271392401416051143e-08
4.756644500503171002e-08
1.178586259698022332e-07
1.081866344065929297e-06
8.788174454821273685e-05
5.280654136186058167e-08
3.139420101661016815e-08
1.995982302105403505e-06
6.906306282417062903e-08
2.710759758883796167e-07
1.552377604241428344e-08
2.159755786124151200e-05
5.826940352449128113e-08
2.629124473685351404e-08
1.067816057798154361e-08
3.092375422397708462e-08
4.239355178015102865e-08
3.429643902208567852e-09
5.760939075116766617e-06
4.122168490994226886e-07
6.662322249439966981e-08
3.882971100210852455e-08
7.474394436712827883e-08
8.197590091185702477e-07
2.052848202538370970e-07
9.840505663305521011e-05
3.817201104538980871e-06
2.400189771378791193e-07
4.702340206108601706e-08
3.163250710258580511e-07
1.321756428751541534e-07
9.076627975446172059e-06
3.698518185046850704e-07
1.246129812670915271e-07
3.563071970802411670e-08
3.521184765986618004e-08
8.338385271144943545e-08
2.896773821703391150e-06
4.512664464328963732e-09
7.423399228656535342e-09
4.329832279381662374e-07
6.289073098741937429e-06
3.000314450218866114e-07
4.504772377345034329e-08
2.403900793979119044e-07
7.682123396079987288e-05
5.889632781475029333e-09
6.303513799821303110e-08
2.461823989108324895e-08
6.239782806005678140e-07
2.116570954058261123e-07
2.524971876027848339e-07
6.814674406996346079e-07
3.288095285824965686e-06
1.116855855798348784e-06
2.766478473859024234e-06
5.115570274938363582e-06
4.697131927855480171e-08
3.478116354926896747e-07
2.411638888588640839e-07
1.407628591465481804e-08
1.123688448956272623e-07
2.195774015945062274e-07
4.031064548826179816e-08
2.692866473807953298e-06
1.868563958851154894e-05
1.991857743632863276e-06
2.075970314763253555e-06
1.408226779631149839e-07
1.193051701875447179e-08
2.074889838695526123e-02
5.448090423243456826e-09
2.030460990454230341e-07
3.094993701324710855e-07
1.067303060153790284e-06
2.645275642976230301e-08
9.333957677881699055e-07
1.420348780811764300e-06
6.017138787228759611e-08
5.409460257510545489e-08
3.082166415424580919e-07
1.123118522627919447e-07
5.683123617927776650e-06
4.591945980791933835e-05
1.320240471613942645e-06
2.730262735894939397e-07
2.763408879502549098e-08
2.463958139742317144e-07
1.163724974162505532e-07
1.674551413088920526e-07
1.293183117923035752e-06
4.335313263936768635e-08
2.911458068410865963e-06
1.380323624289303552e-06
2.613862761791097000e-07
6.533934282515474479e-08
5.706417027795396280e-08
2.817552235967468732e-08
4.324402027577889385e-07
5.107987135488656349e-07
1.832003881929722411e-08
1.522322418168187141e-05
1.203209052391684963e-07
5.189215102063826635e-08
9.412137274011911359e-07
9.362312994198873639e-06
1.345119699180941097e-06
6.058620783733204007e-06
4.006520271104818676e-08
2.983646041343490651e-08
9.206792697113996837e-07
8.795992556542842067e-08
7.225057288451353088e-06
1.646947680455923546e-07
5.042024895374197513e-07
6.199162072562103276e-08
1.224657211196245044e-07
8.000457114576420281e-07
2.177251502871513367e-03
1.245425380602682708e-07
4.848000401125318604e-08
5.128181967961609189e-08
3.177894711825501872e-07
8.657604553263809066e-07
3.224731059958685364e-08
2.964049095055543148e-08
5.559468974070114200e-08
5.784752374893287197e-07
3.974105666770810785e-08
2.495597755114431493e-07
1.362007878924487159e-06
6.467044386226916686e-06
3.499433205433888361e-07
1.297028546787259984e-07
4.857207613895297982e-07
1.122699359257239848e-06
1.022454085841673077e-07
2.959870073482306907e-07
3.485690740490099415e-07
1.175715806311927736e-05
1.383138226174196461e-08
3.119607185908535030e-07
2.649264629894787504e-08
8.018166397505410714e-08
3.417658547277824255e-07
1.538663667588480166e-07
7.424082326679126709e-08
1.668799209930682537e-09
1.122621196003592559e-08
1.492374867666512728e-04
1.697156726265802718e-08
1.930144719608506421e-07
1.564230878159378335e-08
2.770477181002206635e-07
1.490105059929192066e-04
2.699530057270749239e-07
1.707532533146149945e-06
3.304496942746482091e-07
4.358046680863481015e-06
4.160886302173594231e-09
1.406458327579684919e-08
3.791454332713328768e-07
1.255239201469748878e-08
7.793185545779124368e-07
4.893681193607335445e-08
4.576242051967938096e-09
1.067685762023984353e-08
4.989486868112180673e-08
2.386760343142668717e-06
2.372317169374582591e-07
3.355224720280602924e-08
4.181460724339558510e-07
3.973078946728492156e-06
7.056110916892066598e-05
1.544825778410086059e-07
2.603782611743099551e-08
4.094991936653968878e-07
5.174083739234447421e-08
3.788236213608797698e-08
1.744943176618107827e-07
5.828340476909943391e-08
1.849159616540418938e-07
3.348545476455910830e-07
7.792186806909739971e-06
1.167698115978055284e-07
8.240268698500585742e-07
1.081669793734363338e-07
1.062472492208144104e-07
3.387802038901099877e-08
1.821090904741140548e-06
2.970131731672154274e-07
2.076367309200577438e-05
4.246800955343132955e-08
5.003703904549183790e-07
2.654244750738143921e-02
3.591877430153544992e-06
1.255515940101759043e-06
5.371483666749554686e-07
5.183247608897545433e-09
2.401708059096563375e-07
3.477045538602396846e-05
1.652566794518861570e-08
9.891109442605738877e-08
5.263327906845916004e-08
7.322138117160648108e-05
4.694761059909069445e-07
8.020590939850080758e-06
7.608395549141278025e-07
2.676130961276612652e-08
8.091155478950895485e-08
5.436536980596429203e-07
1.206376794016250642e-07
3.862502850893179129e-08
2.052588024525903165e-05
9.742043971527891699e-08
2.944846073660301045e-07
6.488600767795560387e-09
2.229357392025121953e-07
3.538155510796059389e-07
4.825194022117784698e-09
5.597475194463186199e-08
4.523706138570560142e-06
2.573681285866769031e-06
1.327861411937192315e-07
1.751719338471957599e-07
6.657164419721084414e-08
1.345687508091941709e-07
2.111944468197179958e-06
1.072520171874202788e-04
4.607667563050199533e-07
1.301125678310199874e-07
3.595316400151205016e-07
2.931910785264335573e-07
2.105517005190904456e-08
1.193745333694096189e-07
2.307219837405227736e-08
3.515745675031212159e-06
9.145203421212499961e-07
6.532766292366432026e-07
3.555761907136911759e-07
6.698926302561858392e-09
1.634968248254153877e-05
3.688639480969868600e-06
1.301079173572361469e-04
1.438654772937297821e-02
1.092337740260518331e-07
2.015859121456742287e-03
5.195590802031802014e-07
1.361102022201521322e-07
4.892580207638275169e-08
1.940136229450217797e-07
4.584412494068601518e-08
3.802334049396449700e-06
1.664146687119227863e-08
6.442362519010202959e-07
2.796387525449972600e-05
2.783405932405003114e-07
2.177119284851869452e-08
5.871563235615440135e-09
3.408373672186826298e-08
3.107914636757413973e-08
5.690570148431106645e-08
4.754330120704253204e-07
8.066432201303541660e-06
1.353927927993936464e-06
5.742908015804459865e-08
8.817270895633555483e-07
1.758314510880154558e-06
2.370888751102029346e-06
3.845724222628632560e-06
2.284740367031190544e-05
1.682052243268117309e-06
1.614801135474408511e-06
1.435404738003853709e-05
2.133178440999472514e-06
3.449348469075630419e-07
3.010442014783620834e-06
6.646932433795882389e-06
1.231053602168685757e-06
7.613720299559645355e-06
1.263541093976527918e-06
3.627684748153114924e-07
1.893187118184869178e-06
4.183223438758432167e-07
3.347839765410753898e-07
4.233591823776805541e-07
1.357544903157759109e-07
3.781331542995758355e-06
1.094583581107144710e-06
2.871547053473477717e-07
5.035388426222198177e-07
9.365316522291777801e-09
1.644552583002223400e-07
8.830785418467712589e-07
2.039353830696200021e-06
6.815752726652135607e-07
1.001981786430405919e-06
2.790784492390230298e-07
2.998007857968332246e-06
9.744730959937442094e-06
4.582812707099037652e-08
6.135078933766635600e-08
4.839833778191859892e-08
2.939311549710055260e-08
1.697375296316749882e-06
2.673976450751069933e-05
3.078008376178331673e-06
2.966714873764431104e-07
9.193205841029339354e-08
3.902820253642858006e-07
4.619087121682241559e-06
9.929208317771553993e-06
2.078411867842078209e-03
6.830612570047378540e-02
2.195246750488877296e-03
7.474175944821581652e-09
4.168007876614865381e-07
7.797392065356234525e-09
1.725438352195851621e-07
2.852352665172475099e-08
4.018551180706708692e-08
8.368653325874220172e-09
1.892954237803223805e-08
1.297564811153506525e-08
8.023485875696678704e-09
7.369480581331799840e-09
2.163046453063088848e-08
8.888827807140842197e-08
2.672458165875468694e-08
8.617751845463317295e-09
1.137200911216496024e-07
8.060205836102340982e-09
3.511823365442978684e-07
2.909946772433613660e-07
6.488679105132177938e-08
2.010961708265313064e-08
4.865103164775064215e-07
4.755664662070557824e-08
1.150526340865098973e-08
5.313955853125662543e-08
2.145489119698140712e-08
7.217244046842097305e-07
6.521993611841025995e-08
1.246846750291297212e-07
2.583664536359719932e-05
